Using pre-set license
Built from '2020.3/staging' branch; Version is '2020.3.20f1 (41c4e627c95f) revision 4310246'; Using compiler version '192528614'; Build Type 'Release'
OS: 'Windows 10 Home; OS build 19042.1288; Version 2009; 64bit' Language: 'en' Physical Memory: 8142 MB
BatchMode: 1, IsHumanControllingUs: 0, StartBugReporterOnCrash: 0, Is64bit: 1, IsPro: 0

COMMAND LINE ARGUMENTS:
D:\Unity\Hub\Editor\2020.3.20f1\Editor\Unity.exe
-adb2
-batchMode
-noUpm
-name
AssetImportWorker1
-projectPath
D:/Cooking With Math
-logFile
Logs/AssetImportWorker1.log
-srvPort
53075
Successfully changed project path to: D:/Cooking With Math
D:/Cooking With Math
Using Asset Import Pipeline V2.
Refreshing native plugins compatible for Editor in 57.47 ms, found 5 plugins.
Preloading 2 native plugins for Editor in 1.72 ms.
Initialize engine version: 2020.3.20f1 (41c4e627c95f)
[Subsystems] Discovering subsystems at path D:/Unity/Hub/Editor/2020.3.20f1/Editor/Data/Resources/UnitySubsystems
[Subsystems] Discovering subsystems at path D:/Cooking With Math/Assets
GfxDevice: creating device client; threaded=0
Direct3D:
    Version:  Direct3D 11.0 [level 11.1]
    Renderer: NVIDIA GeForce GTX 1650 SUPER (ID=0x2187)
    Vendor:   
    VRAM:     3955 MB
    Driver:   30.0.14.9613
Initialize mono
Mono path[0] = 'D:/Unity/Hub/Editor/2020.3.20f1/Editor/Data/Managed'
Mono path[1] = 'D:/Unity/Hub/Editor/2020.3.20f1/Editor/Data/MonoBleedingEdge/lib/mono/unityjit'
Mono config path = 'D:/Unity/Hub/Editor/2020.3.20f1/Editor/Data/MonoBleedingEdge/etc'
Using monoOptions --debugger-agent=transport=dt_socket,embedding=1,server=y,suspend=n,address=127.0.0.1:56564
Begin MonoManager ReloadAssembly
Registering precompiled unity dll's ...
Register platform support module: D:/Unity/Hub/Editor/2020.3.20f1/Editor/Data/PlaybackEngines/WindowsStandaloneSupport/UnityEditor.WindowsStandalone.Extensions.dll
Registered in 0.002129 seconds.
Native extension for WindowsStandalone target not found
Refreshing native plugins compatible for Editor in 53.23 ms, found 5 plugins.
Preloading 2 native plugins for Editor in 0.08 ms.
Mono: successfully reloaded assembly
- Completed reload, in  6.096 seconds
Domain Reload Profiling:
	ReloadAssembly (6097ms)
		BeginReloadAssembly (73ms)
			ExecutionOrderSort (0ms)
			DisableScriptedObjects (0ms)
			BackupInstance (0ms)
			ReleaseScriptingObjects (0ms)
			CreateAndSetChildDomain (1ms)
		EndReloadAssembly (699ms)
			LoadAssemblies (72ms)
			RebuildTransferFunctionScriptingTraits (0ms)
			SetupTypeCache (228ms)
			ReleaseScriptCaches (0ms)
			RebuildScriptCaches (57ms)
			SetupLoadedEditorAssemblies (274ms)
				LogAssemblyErrors (0ms)
				InitializePlatformSupportModulesInManaged (7ms)
				SetLoadedEditorAssemblies (0ms)
				RefreshPlugins (53ms)
				BeforeProcessingInitializeOnLoad (27ms)
				ProcessInitializeOnLoadAttributes (133ms)
				ProcessInitializeOnLoadMethodAttributes (53ms)
				AfterProcessingInitializeOnLoad (0ms)
				EditorAssembliesLoaded (0ms)
			ExecutionOrderSort2 (0ms)
			AwakeInstancesAfterBackupRestoration (0ms)
Platform modules already initialized, skipping
Registering precompiled user dll's ...
Registered in 0.349808 seconds.
Begin MonoManager ReloadAssembly
Native extension for WindowsStandalone target not found
Refreshing native plugins compatible for Editor in 52.99 ms, found 5 plugins.
Preloading 2 native plugins for Editor in 0.08 ms.
System.NullReferenceException: Object reference not set to an instance of an object
  at Vuforia.EditorClasses.ExtensionTypeProvider.GetVuforiaPackageAbsPath () [0x0004a] in <67f168408fbf4fce9c04342c093e9fe7>:0 
  at Vuforia.EditorClasses.ExtensionTypeProvider.IsPackageManager () [0x00000] in <67f168408fbf4fce9c04342c093e9fe7>:0 
  at Vuforia.EditorClasses.ExtensionTypeProvider.ResolvePluginType () [0x00009] in <67f168408fbf4fce9c04342c093e9fe7>:0 
  at Vuforia.EditorClasses.ExtensionTypeProvider.GetPluginType () [0x0000c] in <67f168408fbf4fce9c04342c093e9fe7>:0 
  at Vuforia.EditorClasses.VuforiaUtilities.IsVuforiaEnabledInPlayerSettings () [0x00000] in <67f168408fbf4fce9c04342c093e9fe7>:0 
  at VuforiaEnabledObserver..cctor () [0x00000] in <67f168408fbf4fce9c04342c093e9fe7>:0 
UnityEngine.StackTraceUtility:ExtractStackTrace ()
UnityEngine.DebugLogHandler:LogFormat (UnityEngine.LogType,UnityEngine.Object,string,object[])
UnityEngine.Logger:Log (UnityEngine.LogType,object)
UnityEngine.Debug:LogError (object)
UnityEditor.EditorAssemblies:ProcessInitializeOnLoadAttributes (System.Type[])

System.NullReferenceException: Object reference not set to an instance of an object
  at Vuforia.EditorClasses.ExtensionTypeProvider.GetVuforiaPackageAbsPath () [0x0004a] in <67f168408fbf4fce9c04342c093e9fe7>:0 
  at Vuforia.EditorClasses.ExtensionTypeProvider.IsPackageManager () [0x00000] in <67f168408fbf4fce9c04342c093e9fe7>:0 
  at Vuforia.EditorClasses.ExtensionTypeProvider.ResolvePluginType () [0x00009] in <67f168408fbf4fce9c04342c093e9fe7>:0 
  at Vuforia.EditorClasses.ExtensionTypeProvider.GetPluginType () [0x0000c] in <67f168408fbf4fce9c04342c093e9fe7>:0 
  at Vuforia.EditorClasses.VuforiaUtilities.IsVuforiaEnabledInPlayerSettings () [0x00000] in <67f168408fbf4fce9c04342c093e9fe7>:0 
  at Vuforia.EditorClasses.InitializeOnLoadVuforiaTaskRunner..cctor () [0x00015] in <67f168408fbf4fce9c04342c093e9fe7>:0 
UnityEngine.StackTraceUtility:ExtractStackTrace ()
UnityEngine.DebugLogHandler:LogFormat (UnityEngine.LogType,UnityEngine.Object,string,object[])
UnityEngine.Logger:Log (UnityEngine.LogType,object)
UnityEngine.Debug:LogError (object)
UnityEditor.EditorAssemblies:ProcessInitializeOnLoadAttributes (System.Type[])

Mono: successfully reloaded assembly
- Completed reload, in  1.760 seconds
Domain Reload Profiling:
	ReloadAssembly (1762ms)
		BeginReloadAssembly (232ms)
			ExecutionOrderSort (0ms)
			DisableScriptedObjects (9ms)
			BackupInstance (0ms)
			ReleaseScriptingObjects (0ms)
			CreateAndSetChildDomain (26ms)
		EndReloadAssembly (1445ms)
			LoadAssemblies (133ms)
			RebuildTransferFunctionScriptingTraits (0ms)
			SetupTypeCache (445ms)
			ReleaseScriptCaches (0ms)
			RebuildScriptCaches (91ms)
			SetupLoadedEditorAssemblies (575ms)
				LogAssemblyErrors (0ms)
				InitializePlatformSupportModulesInManaged (6ms)
				SetLoadedEditorAssemblies (0ms)
				RefreshPlugins (53ms)
				BeforeProcessingInitializeOnLoad (112ms)
				ProcessInitializeOnLoadAttributes (384ms)
				ProcessInitializeOnLoadMethodAttributes (13ms)
				AfterProcessingInitializeOnLoad (5ms)
				EditorAssembliesLoaded (1ms)
			ExecutionOrderSort2 (0ms)
			AwakeInstancesAfterBackupRestoration (18ms)
Platform modules already initialized, skipping
========================================================================
Worker process is ready to serve import requests
Launched and connected shader compiler UnityShaderCompiler.exe after 0.19 seconds
Refreshing native plugins compatible for Editor in 0.60 ms, found 5 plugins.
Preloading 2 native plugins for Editor in 0.08 ms.
Unloading 1511 Unused Serialized files (Serialized files now loaded: 0)
System memory in use before: 74.4 MB.
System memory in use after: 74.4 MB.

Unloading 44 unused Assets to reduce memory usage. Loaded Objects now: 2212.
Total: 4.266700 ms (FindLiveObjects: 0.280000 ms CreateObjectMapping: 0.070300 ms MarkObjects: 3.822900 ms  DeleteObjects: 0.091300 ms)

AssetImportParameters requested are different than current active one (requested -> active):
  custom:framework-win-MediaFoundation: 216162199b28c13a410421893ffa2e32 -> 
  custom:video-decoder-ogg-theora: a1e56fd34408186e4bbccfd4996cb3dc -> 
  custom:container-muxer-webm: aa71ff27fc2769a1b78a27578f13a17b -> 
  custom:container-demuxer-webm: 4f35f7cbe854078d1ac9338744f61a02 -> 
  custom:container-demuxer-ogg: 62fdf1f143b41e24485cea50d1cbac27 -> 
  custom:video-encoder-webm-vp8: eb34c28f22e8b96e1ab97ce403110664 -> 
  custom:video-decoder-webm-vp8: 9c59270c3fd7afecdb556c50c9e8de78 -> 
  custom:audio-decoder-ogg-vorbis: bf7c407c2cedff20999df2af8eb42d56 -> 
  custom:audio-encoder-webm-vorbis: bf7c407c2cedff20999df2af8eb42d56 -> 
========================================================================
Received Import Request.
  path: Assets/Objects/sugarBag.fbx
  artifactKey: Guid(a414c1b245cf88e41a2cf9adb0b8042d) Importer(815301076,1909f56bfc062723c751e8b465ee728b)
Start importing Assets/Objects/sugarBag.fbx using Guid(a414c1b245cf88e41a2cf9adb0b8042d) Importer(815301076,1909f56bfc062723c751e8b465ee728b)  -> (artifact id: 'b65f989a787243d0ae92703077528b36') in 0.611472 seconds 
  Import took 0.615246 seconds .

========================================================================
Received Import Request.
  Time since last request: 0.000338 seconds.
  path: Assets/Materials/WhiteLabel.mat
  artifactKey: Guid(1b01ba95915669340943b0ca055f6a79) Importer(815301076,1909f56bfc062723c751e8b465ee728b)
Start importing Assets/Materials/WhiteLabel.mat using Guid(1b01ba95915669340943b0ca055f6a79) Importer(815301076,1909f56bfc062723c751e8b465ee728b)  -> (artifact id: '48fa7384f636eb9e37bf7455216cc10c') in 0.237167 seconds 
  Import took 0.241403 seconds .

========================================================================
Received Import Request.
  Time since last request: 0.000260 seconds.
  path: Assets/Objects/flourBowl.fbx
  artifactKey: Guid(a982cdc9f3e14e041bb7e1615a99ebc7) Importer(815301076,1909f56bfc062723c751e8b465ee728b)
Start importing Assets/Objects/flourBowl.fbx using Guid(a982cdc9f3e14e041bb7e1615a99ebc7) Importer(815301076,1909f56bfc062723c751e8b465ee728b)  -> (artifact id: '3c6648d91bb45ef496920271a6570b2d') in 0.041282 seconds 
  Import took 0.044279 seconds .

========================================================================
Received Import Request.
  Time since last request: 0.000245 seconds.
  path: Assets/Materials/WhitePaperBag.mat
  artifactKey: Guid(a81c1336942e3f34c9354e5aceb9a8bc) Importer(815301076,1909f56bfc062723c751e8b465ee728b)
Start importing Assets/Materials/WhitePaperBag.mat using Guid(a81c1336942e3f34c9354e5aceb9a8bc) Importer(815301076,1909f56bfc062723c751e8b465ee728b)  -> (artifact id: '7f04b97dc8c7c91c3724586d91aa589b') in 0.085498 seconds 
  Import took 0.088659 seconds .

========================================================================
Received Import Request.
  Time since last request: 0.000264 seconds.
  path: Assets/Materials/Glass.mat
  artifactKey: Guid(5ad71d8b60eb8e94c8f57808551473bc) Importer(815301076,1909f56bfc062723c751e8b465ee728b)
Start importing Assets/Materials/Glass.mat using Guid(5ad71d8b60eb8e94c8f57808551473bc) Importer(815301076,1909f56bfc062723c751e8b465ee728b)  -> (artifact id: 'c98720e66890473db06d18ef98e5e548') in 0.123936 seconds 
  Import took 0.127406 seconds .

========================================================================
Received Import Request.
  Time since last request: 0.000287 seconds.
  path: Assets/Materials/Flour.mat
  artifactKey: Guid(9c755732071aa4745a9dfd279e900990) Importer(815301076,1909f56bfc062723c751e8b465ee728b)
Start importing Assets/Materials/Flour.mat using Guid(9c755732071aa4745a9dfd279e900990) Importer(815301076,1909f56bfc062723c751e8b465ee728b)  -> (artifact id: '88d7240a8ff00cb5f374d01b608e58a5') in 0.016107 seconds 
  Import took 0.019171 seconds .

========================================================================
Received Import Request.
  Time since last request: 0.000234 seconds.
  path: Assets/Objects/flourBag.fbx
  artifactKey: Guid(9e4706846149e9247b9a0630bed62cb8) Importer(815301076,1909f56bfc062723c751e8b465ee728b)
Start importing Assets/Objects/flourBag.fbx using Guid(9e4706846149e9247b9a0630bed62cb8) Importer(815301076,1909f56bfc062723c751e8b465ee728b)  -> (artifact id: '613c33fcaf3386874a8339d5d7c06c0a') in 0.037853 seconds 
  Import took 0.041618 seconds .

========================================================================
Received Import Request.
  Time since last request: 0.000241 seconds.
  path: Assets/Materials/SteelMaterial.mat
  artifactKey: Guid(9e3b3958474d7bb40b94dd0756f627f0) Importer(815301076,1909f56bfc062723c751e8b465ee728b)
Start importing Assets/Materials/SteelMaterial.mat using Guid(9e3b3958474d7bb40b94dd0756f627f0) Importer(815301076,1909f56bfc062723c751e8b465ee728b)  -> (artifact id: '07d3c1f4e3a654d8124978a11802caa0') in 0.016295 seconds 
  Import took 0.019753 seconds .

========================================================================
Received Import Request.
  Time since last request: 0.000300 seconds.
  path: Assets/Materials/BlueLabel.mat
  artifactKey: Guid(b729551bada3cd44fbf1ba480b930f61) Importer(815301076,1909f56bfc062723c751e8b465ee728b)
Start importing Assets/Materials/BlueLabel.mat using Guid(b729551bada3cd44fbf1ba480b930f61) Importer(815301076,1909f56bfc062723c751e8b465ee728b)  -> (artifact id: '519ac16a55e343ba5c695e5ba88bdd48') in 0.035252 seconds 
  Import took 0.038330 seconds .

========================================================================
Received Import Request.
  Time since last request: 0.000262 seconds.
  path: Assets/Materials/Sugar.mat
  artifactKey: Guid(10622edd9a59ca74280c556f5af6ba23) Importer(815301076,1909f56bfc062723c751e8b465ee728b)
Start importing Assets/Materials/Sugar.mat using Guid(10622edd9a59ca74280c556f5af6ba23) Importer(815301076,1909f56bfc062723c751e8b465ee728b)  -> (artifact id: '5dd3dba937965036cd1dca0127290cb8') in 0.047234 seconds 
  Import took 0.050163 seconds .

========================================================================
Received Import Request.
  Time since last request: 0.000274 seconds.
  path: Assets/Resources/VuforiaConfiguration.asset
  artifactKey: Guid(102f464e0ad6e014ab4d1ea822034a2c) Importer(815301076,1909f56bfc062723c751e8b465ee728b)
Start importing Assets/Resources/VuforiaConfiguration.asset using Guid(102f464e0ad6e014ab4d1ea822034a2c) Importer(815301076,1909f56bfc062723c751e8b465ee728b)  -> (artifact id: '1805a84f1e22c90c42107e6fe59f0525') in 0.014774 seconds 
  Import took 0.018434 seconds .

========================================================================
Received Import Request.
  Time since last request: 0.000311 seconds.
  path: Assets/Crafting Recipes/Crepes.asset
  artifactKey: Guid(104bb35403d58eb41bcbd6b93bdf709e) Importer(815301076,1909f56bfc062723c751e8b465ee728b)
Start importing Assets/Crafting Recipes/Crepes.asset using Guid(104bb35403d58eb41bcbd6b93bdf709e) Importer(815301076,1909f56bfc062723c751e8b465ee728b)  -> (artifact id: 'ff212564cded5ad04af68376320b7152') in 0.008866 seconds 
  Import took 0.011863 seconds .

========================================================================
Received Import Request.
  Time since last request: 0.000244 seconds.
  path: Assets/Materials/FlourBag.mat
  artifactKey: Guid(e2909fcdf84bd3445972b65d0fae3e37) Importer(815301076,1909f56bfc062723c751e8b465ee728b)
Start importing Assets/Materials/FlourBag.mat using Guid(e2909fcdf84bd3445972b65d0fae3e37) Importer(815301076,1909f56bfc062723c751e8b465ee728b)  -> (artifact id: '53588400df515ab67a910350e56f66a7') in 0.048555 seconds 
  Import took 0.051589 seconds .

========================================================================
Received Import Request.
  Time since last request: 0.000238 seconds.
  path: Assets/Materials/DoughMaterial.mat
  artifactKey: Guid(eebaebd6a7c5a214c97f06e9d1b6842e) Importer(815301076,1909f56bfc062723c751e8b465ee728b)
Start importing Assets/Materials/DoughMaterial.mat using Guid(eebaebd6a7c5a214c97f06e9d1b6842e) Importer(815301076,1909f56bfc062723c751e8b465ee728b)  -> (artifact id: '752219fde9d5ddcec34fdd6de7c51e5f') in 0.017332 seconds 
  Import took 0.020987 seconds .

========================================================================
Received Import Request.
  Time since last request: 0.000262 seconds.
  path: Assets/Materials/Egg.mat
  artifactKey: Guid(40734c771e2e26d42b2c9b5c6c3a6e58) Importer(815301076,1909f56bfc062723c751e8b465ee728b)
Start importing Assets/Materials/Egg.mat using Guid(40734c771e2e26d42b2c9b5c6c3a6e58) Importer(815301076,1909f56bfc062723c751e8b465ee728b)  -> (artifact id: 'e1a0064bdbb9bb991fd7d80c2bd62051') in 0.015271 seconds 
  Import took 0.018285 seconds .

========================================================================
Received Import Request.
  Time since last request: 0.000250 seconds.
  path: Assets/Objects/cookingBowl.fbx
  artifactKey: Guid(1eac6f274ba216f44a60e527590de6c2) Importer(815301076,1909f56bfc062723c751e8b465ee728b)
Start importing Assets/Objects/cookingBowl.fbx using Guid(1eac6f274ba216f44a60e527590de6c2) Importer(815301076,1909f56bfc062723c751e8b465ee728b)  -> (artifact id: 'dd82fff09803b0da752389a9eb9c4135') in 0.035877 seconds 
  Import took 0.039007 seconds .

========================================================================
Received Import Request.
  Time since last request: 0.000354 seconds.
  path: Assets/Objects/milkBox.fbx
  artifactKey: Guid(53b18ddf58151fc4c9bfd8defce723d5) Importer(815301076,1909f56bfc062723c751e8b465ee728b)
Start importing Assets/Objects/milkBox.fbx using Guid(53b18ddf58151fc4c9bfd8defce723d5) Importer(815301076,1909f56bfc062723c751e8b465ee728b)  -> (artifact id: '15d9c99e450ad94749c46153e10ab1fa') in 0.049941 seconds 
  Import took 0.053407 seconds .

========================================================================
Received Import Request.
  Time since last request: 0.000232 seconds.
  path: Assets/Objects/sugarBowl.fbx
  artifactKey: Guid(e286a7afed00beb44978f5c881ecbdbd) Importer(815301076,1909f56bfc062723c751e8b465ee728b)
Start importing Assets/Objects/sugarBowl.fbx using Guid(e286a7afed00beb44978f5c881ecbdbd) Importer(815301076,1909f56bfc062723c751e8b465ee728b)  -> (artifact id: '26bcb7722b3f0ea3214c33632ea1f0d9') in 0.051286 seconds 
  Import took 0.054961 seconds .

========================================================================
Received Import Request.
  Time since last request: 0.000416 seconds.
  path: Assets/Materials/RedLabel.mat
  artifactKey: Guid(ba81cc684c68db040b87ccf3faff47fd) Importer(815301076,1909f56bfc062723c751e8b465ee728b)
Start importing Assets/Materials/RedLabel.mat using Guid(ba81cc684c68db040b87ccf3faff47fd) Importer(815301076,1909f56bfc062723c751e8b465ee728b)  -> (artifact id: 'bc460924ee2f1d0f61b2b6694fcfea98') in 0.014309 seconds 
  Import took 0.018176 seconds .

========================================================================
Received Import Request.
  Time since last request: 0.000223 seconds.
  path: Assets/Materials/MilkBag.mat
  artifactKey: Guid(9d237747440f1be4eb2abd6255709413) Importer(815301076,1909f56bfc062723c751e8b465ee728b)
Start importing Assets/Materials/MilkBag.mat using Guid(9d237747440f1be4eb2abd6255709413) Importer(815301076,1909f56bfc062723c751e8b465ee728b)  -> (artifact id: '2152f1a70af31b4890afa46e4e7ca65c') in 0.014549 seconds 
  Import took 0.017767 seconds .

========================================================================
Received Import Request.
  Time since last request: 0.000330 seconds.
  path: Assets/Objects/eggs.fbx
  artifactKey: Guid(ea021f3ffd82e084b9b7920654defbf0) Importer(815301076,1909f56bfc062723c751e8b465ee728b)
Start importing Assets/Objects/eggs.fbx using Guid(ea021f3ffd82e084b9b7920654defbf0) Importer(815301076,1909f56bfc062723c751e8b465ee728b)  -> (artifact id: '427a87880896cb2777caa779f325b412') in 0.053775 seconds 
  Import took 0.057809 seconds .

========================================================================
Received Import Request.
  Time since last request: 0.000260 seconds.
  path: Assets/Scenes/SampleScene.unity
  artifactKey: Guid(9fc0d4010bbf28b4594072e72b8655ab) Importer(815301076,1909f56bfc062723c751e8b465ee728b)
Start importing Assets/Scenes/SampleScene.unity using Guid(9fc0d4010bbf28b4594072e72b8655ab) Importer(815301076,1909f56bfc062723c751e8b465ee728b)  -> (artifact id: '2c317a8d6daef899d39ec679754a0de2') in 0.008321 seconds 
  Import took 0.011913 seconds .

========================================================================
Received Import Request.
  Time since last request: 44.414723 seconds.
  path: Assets/Scripts/DragAndDrop.cs
  artifactKey: Guid(824a11f484f931c4f9aa9bb653c20b06) Importer(815301076,1909f56bfc062723c751e8b465ee728b)
Start importing Assets/Scripts/DragAndDrop.cs using Guid(824a11f484f931c4f9aa9bb653c20b06) Importer(815301076,1909f56bfc062723c751e8b465ee728b)  -> (artifact id: 'd0ae6e53359fb98055d22f5408551a09') in 0.014344 seconds 
  Import took 0.025485 seconds .

========================================================================
Received Prepare
Registering precompiled user dll's ...
Registered in 1.496645 seconds.
Begin MonoManager ReloadAssembly
Native extension for WindowsStandalone target not found
Refreshing native plugins compatible for Editor in 0.74 ms, found 5 plugins.
Preloading 2 native plugins for Editor in 0.10 ms.
System.NullReferenceException: Object reference not set to an instance of an object
  at Vuforia.EditorClasses.ExtensionTypeProvider.GetVuforiaPackageAbsPath () [0x0004a] in <67f168408fbf4fce9c04342c093e9fe7>:0 
  at Vuforia.EditorClasses.ExtensionTypeProvider.IsPackageManager () [0x00000] in <67f168408fbf4fce9c04342c093e9fe7>:0 
  at Vuforia.EditorClasses.ExtensionTypeProvider.ResolvePluginType () [0x00009] in <67f168408fbf4fce9c04342c093e9fe7>:0 
  at Vuforia.EditorClasses.ExtensionTypeProvider.GetPluginType () [0x0000c] in <67f168408fbf4fce9c04342c093e9fe7>:0 
  at Vuforia.EditorClasses.VuforiaUtilities.IsVuforiaEnabledInPlayerSettings () [0x00000] in <67f168408fbf4fce9c04342c093e9fe7>:0 
  at VuforiaEnabledObserver..cctor () [0x00000] in <67f168408fbf4fce9c04342c093e9fe7>:0 
UnityEngine.StackTraceUtility:ExtractStackTrace ()
UnityEngine.DebugLogHandler:LogFormat (UnityEngine.LogType,UnityEngine.Object,string,object[])
UnityEngine.Logger:Log (UnityEngine.LogType,object)
UnityEngine.Debug:LogError (object)
UnityEditor.EditorAssemblies:ProcessInitializeOnLoadAttributes (System.Type[])

System.NullReferenceException: Object reference not set to an instance of an object
  at Vuforia.EditorClasses.ExtensionTypeProvider.GetVuforiaPackageAbsPath () [0x0004a] in <67f168408fbf4fce9c04342c093e9fe7>:0 
  at Vuforia.EditorClasses.ExtensionTypeProvider.IsPackageManager () [0x00000] in <67f168408fbf4fce9c04342c093e9fe7>:0 
  at Vuforia.EditorClasses.ExtensionTypeProvider.ResolvePluginType () [0x00009] in <67f168408fbf4fce9c04342c093e9fe7>:0 
  at Vuforia.EditorClasses.ExtensionTypeProvider.GetPluginType () [0x0000c] in <67f168408fbf4fce9c04342c093e9fe7>:0 
  at Vuforia.EditorClasses.VuforiaUtilities.IsVuforiaEnabledInPlayerSettings () [0x00000] in <67f168408fbf4fce9c04342c093e9fe7>:0 
  at Vuforia.EditorClasses.InitializeOnLoadVuforiaTaskRunner..cctor () [0x00015] in <67f168408fbf4fce9c04342c093e9fe7>:0 
UnityEngine.StackTraceUtility:ExtractStackTrace ()
UnityEngine.DebugLogHandler:LogFormat (UnityEngine.LogType,UnityEngine.Object,string,object[])
UnityEngine.Logger:Log (UnityEngine.LogType,object)
UnityEngine.Debug:LogError (object)
UnityEditor.EditorAssemblies:ProcessInitializeOnLoadAttributes (System.Type[])

Mono: successfully reloaded assembly
- Completed reload, in  2.294 seconds
Domain Reload Profiling:
	ReloadAssembly (2295ms)
		BeginReloadAssembly (214ms)
			ExecutionOrderSort (0ms)
			DisableScriptedObjects (10ms)
			BackupInstance (0ms)
			ReleaseScriptingObjects (0ms)
			CreateAndSetChildDomain (60ms)
		EndReloadAssembly (2004ms)
			LoadAssemblies (958ms)
			RebuildTransferFunctionScriptingTraits (0ms)
			SetupTypeCache (432ms)
			ReleaseScriptCaches (1ms)
			RebuildScriptCaches (70ms)
			SetupLoadedEditorAssemblies (458ms)
				LogAssemblyErrors (0ms)
				InitializePlatformSupportModulesInManaged (7ms)
				SetLoadedEditorAssemblies (1ms)
				RefreshPlugins (1ms)
				BeforeProcessingInitializeOnLoad (103ms)
				ProcessInitializeOnLoadAttributes (337ms)
				ProcessInitializeOnLoadMethodAttributes (5ms)
				AfterProcessingInitializeOnLoad (3ms)
				EditorAssembliesLoaded (0ms)
			ExecutionOrderSort2 (0ms)
			AwakeInstancesAfterBackupRestoration (9ms)
Platform modules already initialized, skipping
Refreshing native plugins compatible for Editor in 1.23 ms, found 5 plugins.
Preloading 2 native plugins for Editor in 0.16 ms.
Unloading 1481 Unused Serialized files (Serialized files now loaded: 0)
System memory in use before: 75.4 MB.
System memory in use after: 75.5 MB.

Unloading 40 unused Assets to reduce memory usage. Loaded Objects now: 2257.
Total: 4.645900 ms (FindLiveObjects: 0.290000 ms CreateObjectMapping: 0.140800 ms MarkObjects: 4.170900 ms  DeleteObjects: 0.042000 ms)

AssetImportParameters requested are different than current active one (requested -> active):
  custom:framework-win-MediaFoundation: 216162199b28c13a410421893ffa2e32 -> 
  custom:video-decoder-ogg-theora: a1e56fd34408186e4bbccfd4996cb3dc -> 
  custom:container-muxer-webm: aa71ff27fc2769a1b78a27578f13a17b -> 
  custom:container-demuxer-webm: 4f35f7cbe854078d1ac9338744f61a02 -> 
  custom:container-demuxer-ogg: 62fdf1f143b41e24485cea50d1cbac27 -> 
  custom:video-encoder-webm-vp8: eb34c28f22e8b96e1ab97ce403110664 -> 
  custom:video-decoder-webm-vp8: 9c59270c3fd7afecdb556c50c9e8de78 -> 
  custom:audio-decoder-ogg-vorbis: bf7c407c2cedff20999df2af8eb42d56 -> 
  custom:audio-encoder-webm-vorbis: bf7c407c2cedff20999df2af8eb42d56 -> 
========================================================================
Received Import Request.
  Time since last request: 66.417146 seconds.
  path: Assets/Objects/Prefabs
  artifactKey: Guid(783310e1dc6da6c43934b7dad381f395) Importer(815301076,1909f56bfc062723c751e8b465ee728b)
Start importing Assets/Objects/Prefabs using Guid(783310e1dc6da6c43934b7dad381f395) Importer(815301076,1909f56bfc062723c751e8b465ee728b)  -> (artifact id: '2f029f6f8ff5935aa1e3965cd950295c') in 0.077882 seconds 
  Import took 0.081103 seconds .

========================================================================
Received Import Request.
  Time since last request: 0.000299 seconds.
  path: Assets/Objects/Prefabs/sugarBag.prefab
  artifactKey: Guid(ffb56425f1b6f0045aab921691285048) Importer(815301076,1909f56bfc062723c751e8b465ee728b)
Start importing Assets/Objects/Prefabs/sugarBag.prefab using Guid(ffb56425f1b6f0045aab921691285048) Importer(815301076,1909f56bfc062723c751e8b465ee728b)  -> (artifact id: '51d36aa92f4bfb977bde880257233452') in 0.284318 seconds 
  Import took 0.287672 seconds .

========================================================================
Received Import Request.
  Time since last request: 0.000360 seconds.
  path: Assets/Objects/Prefabs/eggs.prefab
  artifactKey: Guid(57030eb9d08799e4ebe73947edad998c) Importer(815301076,1909f56bfc062723c751e8b465ee728b)
Start importing Assets/Objects/Prefabs/eggs.prefab using Guid(57030eb9d08799e4ebe73947edad998c) Importer(815301076,1909f56bfc062723c751e8b465ee728b)  -> (artifact id: 'b904d1bf08a3cb0f9dc9b1deec0fb233') in 0.135089 seconds 
  Import took 0.141455 seconds .

========================================================================
Received Import Request.
  Time since last request: 0.000571 seconds.
  path: Assets/Objects/Prefabs/flourBag.prefab
  artifactKey: Guid(b1fc433d5aaa53d4bae19144867b3c81) Importer(815301076,1909f56bfc062723c751e8b465ee728b)
Start importing Assets/Objects/Prefabs/flourBag.prefab using Guid(b1fc433d5aaa53d4bae19144867b3c81) Importer(815301076,1909f56bfc062723c751e8b465ee728b)  -> (artifact id: '7e9ccad735d4ebfa8763a2aade0d9042') in 0.184303 seconds 
  Import took 0.190610 seconds .

========================================================================
Received Import Request.
  Time since last request: 0.000530 seconds.
  path: Assets/Objects/Prefabs/sugarBowl.prefab
  artifactKey: Guid(d8d154a5728b87348905d5da6cae0f7f) Importer(815301076,1909f56bfc062723c751e8b465ee728b)
Start importing Assets/Objects/Prefabs/sugarBowl.prefab using Guid(d8d154a5728b87348905d5da6cae0f7f) Importer(815301076,1909f56bfc062723c751e8b465ee728b)  -> (artifact id: '63858423e7d517753611699e542027e8') in 0.108330 seconds 
  Import took 0.115611 seconds .

========================================================================
Received Import Request.
  Time since last request: 0.000548 seconds.
  path: Assets/Objects/Prefabs/flourBowl.prefab
  artifactKey: Guid(70993442590b21f48807d7342485b4cc) Importer(815301076,1909f56bfc062723c751e8b465ee728b)
Start importing Assets/Objects/Prefabs/flourBowl.prefab using Guid(70993442590b21f48807d7342485b4cc) Importer(815301076,1909f56bfc062723c751e8b465ee728b)  -> (artifact id: '9b199ea84e39315c1932b33bdf3d51bd') in 0.117142 seconds 
  Import took 0.124432 seconds .

========================================================================
Received Import Request.
  Time since last request: 0.000494 seconds.
  path: Assets/Objects/Prefabs/milkBox.prefab
  artifactKey: Guid(ebe8096f505b8ae48907ac0be74efaed) Importer(815301076,1909f56bfc062723c751e8b465ee728b)
Start importing Assets/Objects/Prefabs/milkBox.prefab using Guid(ebe8096f505b8ae48907ac0be74efaed) Importer(815301076,1909f56bfc062723c751e8b465ee728b)  -> (artifact id: '3e96ccf7c3862fcf8eca30bfd97f8a50') in 0.074678 seconds 
  Import took 0.081755 seconds .

========================================================================
Received Import Request.
  Time since last request: 0.000332 seconds.
  path: Assets/Objects/Prefabs/cookingBowl.prefab
  artifactKey: Guid(10f850bb3a16cef40be29fbbcb381850) Importer(815301076,1909f56bfc062723c751e8b465ee728b)
Start importing Assets/Objects/Prefabs/cookingBowl.prefab using Guid(10f850bb3a16cef40be29fbbcb381850) Importer(815301076,1909f56bfc062723c751e8b465ee728b)  -> (artifact id: 'bdaf11ddd5b544b5e4477f2bdb3742ce') in 0.097540 seconds 
  Import took 0.101525 seconds .

========================================================================
Received Prepare
Registering precompiled user dll's ...
Registered in 0.876462 seconds.
Begin MonoManager ReloadAssembly
Native extension for WindowsStandalone target not found
Refreshing native plugins compatible for Editor in 0.82 ms, found 5 plugins.
Preloading 2 native plugins for Editor in 0.10 ms.
System.NullReferenceException: Object reference not set to an instance of an object
  at Vuforia.EditorClasses.ExtensionTypeProvider.GetVuforiaPackageAbsPath () [0x0004a] in <67f168408fbf4fce9c04342c093e9fe7>:0 
  at Vuforia.EditorClasses.ExtensionTypeProvider.IsPackageManager () [0x00000] in <67f168408fbf4fce9c04342c093e9fe7>:0 
  at Vuforia.EditorClasses.ExtensionTypeProvider.ResolvePluginType () [0x00009] in <67f168408fbf4fce9c04342c093e9fe7>:0 
  at Vuforia.EditorClasses.ExtensionTypeProvider.GetPluginType () [0x0000c] in <67f168408fbf4fce9c04342c093e9fe7>:0 
  at Vuforia.EditorClasses.VuforiaUtilities.IsVuforiaEnabledInPlayerSettings () [0x00000] in <67f168408fbf4fce9c04342c093e9fe7>:0 
  at VuforiaEnabledObserver..cctor () [0x00000] in <67f168408fbf4fce9c04342c093e9fe7>:0 
UnityEngine.StackTraceUtility:ExtractStackTrace ()
UnityEngine.DebugLogHandler:LogFormat (UnityEngine.LogType,UnityEngine.Object,string,object[])
UnityEngine.Logger:Log (UnityEngine.LogType,object)
UnityEngine.Debug:LogError (object)
UnityEditor.EditorAssemblies:ProcessInitializeOnLoadAttributes (System.Type[])

System.NullReferenceException: Object reference not set to an instance of an object
  at Vuforia.EditorClasses.ExtensionTypeProvider.GetVuforiaPackageAbsPath () [0x0004a] in <67f168408fbf4fce9c04342c093e9fe7>:0 
  at Vuforia.EditorClasses.ExtensionTypeProvider.IsPackageManager () [0x00000] in <67f168408fbf4fce9c04342c093e9fe7>:0 
  at Vuforia.EditorClasses.ExtensionTypeProvider.ResolvePluginType () [0x00009] in <67f168408fbf4fce9c04342c093e9fe7>:0 
  at Vuforia.EditorClasses.ExtensionTypeProvider.GetPluginType () [0x0000c] in <67f168408fbf4fce9c04342c093e9fe7>:0 
  at Vuforia.EditorClasses.VuforiaUtilities.IsVuforiaEnabledInPlayerSettings () [0x00000] in <67f168408fbf4fce9c04342c093e9fe7>:0 
  at Vuforia.EditorClasses.InitializeOnLoadVuforiaTaskRunner..cctor () [0x00015] in <67f168408fbf4fce9c04342c093e9fe7>:0 
UnityEngine.StackTraceUtility:ExtractStackTrace ()
UnityEngine.DebugLogHandler:LogFormat (UnityEngine.LogType,UnityEngine.Object,string,object[])
UnityEngine.Logger:Log (UnityEngine.LogType,object)
UnityEngine.Debug:LogError (object)
UnityEditor.EditorAssemblies:ProcessInitializeOnLoadAttributes (System.Type[])

Mono: successfully reloaded assembly
- Completed reload, in  2.683 seconds
Domain Reload Profiling:
	ReloadAssembly (2683ms)
		BeginReloadAssembly (167ms)
			ExecutionOrderSort (0ms)
			DisableScriptedObjects (8ms)
			BackupInstance (0ms)
			ReleaseScriptingObjects (0ms)
			CreateAndSetChildDomain (51ms)
		EndReloadAssembly (2431ms)
			LoadAssemblies (1158ms)
			RebuildTransferFunctionScriptingTraits (0ms)
			SetupTypeCache (444ms)
			ReleaseScriptCaches (1ms)
			RebuildScriptCaches (79ms)
			SetupLoadedEditorAssemblies (600ms)
				LogAssemblyErrors (0ms)
				InitializePlatformSupportModulesInManaged (11ms)
				SetLoadedEditorAssemblies (1ms)
				RefreshPlugins (1ms)
				BeforeProcessingInitializeOnLoad (149ms)
				ProcessInitializeOnLoadAttributes (428ms)
				ProcessInitializeOnLoadMethodAttributes (7ms)
				AfterProcessingInitializeOnLoad (3ms)
				EditorAssembliesLoaded (0ms)
			ExecutionOrderSort2 (0ms)
			AwakeInstancesAfterBackupRestoration (11ms)
Platform modules already initialized, skipping
Refreshing native plugins compatible for Editor in 1.08 ms, found 5 plugins.
Preloading 2 native plugins for Editor in 0.11 ms.
Unloading 1481 Unused Serialized files (Serialized files now loaded: 0)
System memory in use before: 75.4 MB.
System memory in use after: 75.5 MB.

Unloading 40 unused Assets to reduce memory usage. Loaded Objects now: 2260.
Total: 4.764800 ms (FindLiveObjects: 0.170800 ms CreateObjectMapping: 0.064500 ms MarkObjects: 4.477200 ms  DeleteObjects: 0.050300 ms)

AssetImportParameters requested are different than current active one (requested -> active):
  custom:framework-win-MediaFoundation: 216162199b28c13a410421893ffa2e32 -> 
  custom:video-decoder-ogg-theora: a1e56fd34408186e4bbccfd4996cb3dc -> 
  custom:container-muxer-webm: aa71ff27fc2769a1b78a27578f13a17b -> 
  custom:container-demuxer-webm: 4f35f7cbe854078d1ac9338744f61a02 -> 
  custom:container-demuxer-ogg: 62fdf1f143b41e24485cea50d1cbac27 -> 
  custom:video-encoder-webm-vp8: eb34c28f22e8b96e1ab97ce403110664 -> 
  custom:video-decoder-webm-vp8: 9c59270c3fd7afecdb556c50c9e8de78 -> 
  custom:audio-decoder-ogg-vorbis: bf7c407c2cedff20999df2af8eb42d56 -> 
  custom:audio-encoder-webm-vorbis: bf7c407c2cedff20999df2af8eb42d56 -> 
AssetImportWorkerClient::OnTransportError - code=2 error=End of file
