Using pre-set license
Built from '2020.3/staging' branch; Version is '2020.3.20f1 (41c4e627c95f) revision 4310246'; Using compiler version '192528614'; Build Type 'Release'
OS: 'Windows 10 Home; OS build 19042.1348; Version 2009; 64bit' Language: 'en' Physical Memory: 8142 MB
BatchMode: 1, IsHumanControllingUs: 0, StartBugReporterOnCrash: 0, Is64bit: 1, IsPro: 0

COMMAND LINE ARGUMENTS:
D:\Unity\Hub\Editor\2020.3.20f1\Editor\Unity.exe
-adb2
-batchMode
-noUpm
-name
AssetImportWorker0
-projectPath
D:/Cooking With Math
-logFile
Logs/AssetImportWorker0.log
-srvPort
61623
Successfully changed project path to: D:/Cooking With Math
D:/Cooking With Math
Using Asset Import Pipeline V2.
Refreshing native plugins compatible for Editor in 57.52 ms, found 5 plugins.
Preloading 2 native plugins for Editor in 2.98 ms.
Initialize engine version: 2020.3.20f1 (41c4e627c95f)
[Subsystems] Discovering subsystems at path D:/Unity/Hub/Editor/2020.3.20f1/Editor/Data/Resources/UnitySubsystems
[Subsystems] Discovering subsystems at path D:/Cooking With Math/Assets
GfxDevice: creating device client; threaded=0
Direct3D:
    Version:  Direct3D 11.0 [level 11.1]
    Renderer: NVIDIA GeForce GTX 1650 SUPER (ID=0x2187)
    Vendor:   
    VRAM:     3955 MB
    Driver:   30.0.14.9709
Initialize mono
Mono path[0] = 'D:/Unity/Hub/Editor/2020.3.20f1/Editor/Data/Managed'
Mono path[1] = 'D:/Unity/Hub/Editor/2020.3.20f1/Editor/Data/MonoBleedingEdge/lib/mono/unityjit'
Mono config path = 'D:/Unity/Hub/Editor/2020.3.20f1/Editor/Data/MonoBleedingEdge/etc'
Using monoOptions --debugger-agent=transport=dt_socket,embedding=1,server=y,suspend=n,address=127.0.0.1:56420
Begin MonoManager ReloadAssembly
Registering precompiled unity dll's ...
Register platform support module: D:/Unity/Hub/Editor/2020.3.20f1/Editor/Data/PlaybackEngines/WindowsStandaloneSupport/UnityEditor.WindowsStandalone.Extensions.dll
Registered in 0.001354 seconds.
Native extension for WindowsStandalone target not found
Refreshing native plugins compatible for Editor in 57.23 ms, found 5 plugins.
Preloading 2 native plugins for Editor in 0.08 ms.
Mono: successfully reloaded assembly
- Completed reload, in  2.249 seconds
Domain Reload Profiling:
	ReloadAssembly (2249ms)
		BeginReloadAssembly (71ms)
			ExecutionOrderSort (0ms)
			DisableScriptedObjects (0ms)
			BackupInstance (0ms)
			ReleaseScriptingObjects (0ms)
			CreateAndSetChildDomain (1ms)
		EndReloadAssembly (571ms)
			LoadAssemblies (70ms)
			RebuildTransferFunctionScriptingTraits (0ms)
			SetupTypeCache (194ms)
			ReleaseScriptCaches (0ms)
			RebuildScriptCaches (49ms)
			SetupLoadedEditorAssemblies (234ms)
				LogAssemblyErrors (0ms)
				InitializePlatformSupportModulesInManaged (5ms)
				SetLoadedEditorAssemblies (0ms)
				RefreshPlugins (57ms)
				BeforeProcessingInitializeOnLoad (24ms)
				ProcessInitializeOnLoadAttributes (108ms)
				ProcessInitializeOnLoadMethodAttributes (38ms)
				AfterProcessingInitializeOnLoad (0ms)
				EditorAssembliesLoaded (0ms)
			ExecutionOrderSort2 (0ms)
			AwakeInstancesAfterBackupRestoration (0ms)
Platform modules already initialized, skipping
Registering precompiled user dll's ...
Registered in 0.007189 seconds.
Begin MonoManager ReloadAssembly
Native extension for WindowsStandalone target not found
Refreshing native plugins compatible for Editor in 62.68 ms, found 5 plugins.
Preloading 2 native plugins for Editor in 0.15 ms.
System.NullReferenceException: Object reference not set to an instance of an object
  at Vuforia.EditorClasses.ExtensionTypeProvider.GetVuforiaPackageAbsPath () [0x0004a] in <67f168408fbf4fce9c04342c093e9fe7>:0 
  at Vuforia.EditorClasses.ExtensionTypeProvider.IsPackageManager () [0x00000] in <67f168408fbf4fce9c04342c093e9fe7>:0 
  at Vuforia.EditorClasses.ExtensionTypeProvider.ResolvePluginType () [0x00009] in <67f168408fbf4fce9c04342c093e9fe7>:0 
  at Vuforia.EditorClasses.ExtensionTypeProvider.GetPluginType () [0x0000c] in <67f168408fbf4fce9c04342c093e9fe7>:0 
  at Vuforia.EditorClasses.VuforiaUtilities.IsVuforiaEnabledInPlayerSettings () [0x00000] in <67f168408fbf4fce9c04342c093e9fe7>:0 
  at VuforiaEnabledObserver..cctor () [0x00000] in <67f168408fbf4fce9c04342c093e9fe7>:0 
UnityEngine.StackTraceUtility:ExtractStackTrace ()
UnityEngine.DebugLogHandler:LogFormat (UnityEngine.LogType,UnityEngine.Object,string,object[])
UnityEngine.Logger:Log (UnityEngine.LogType,object)
UnityEngine.Debug:LogError (object)
UnityEditor.EditorAssemblies:ProcessInitializeOnLoadAttributes (System.Type[])

System.NullReferenceException: Object reference not set to an instance of an object
  at Vuforia.EditorClasses.ExtensionTypeProvider.GetVuforiaPackageAbsPath () [0x0004a] in <67f168408fbf4fce9c04342c093e9fe7>:0 
  at Vuforia.EditorClasses.ExtensionTypeProvider.IsPackageManager () [0x00000] in <67f168408fbf4fce9c04342c093e9fe7>:0 
  at Vuforia.EditorClasses.ExtensionTypeProvider.ResolvePluginType () [0x00009] in <67f168408fbf4fce9c04342c093e9fe7>:0 
  at Vuforia.EditorClasses.ExtensionTypeProvider.GetPluginType () [0x0000c] in <67f168408fbf4fce9c04342c093e9fe7>:0 
  at Vuforia.EditorClasses.VuforiaUtilities.IsVuforiaEnabledInPlayerSettings () [0x00000] in <67f168408fbf4fce9c04342c093e9fe7>:0 
  at Vuforia.EditorClasses.InitializeOnLoadVuforiaTaskRunner..cctor () [0x00015] in <67f168408fbf4fce9c04342c093e9fe7>:0 
UnityEngine.StackTraceUtility:ExtractStackTrace ()
UnityEngine.DebugLogHandler:LogFormat (UnityEngine.LogType,UnityEngine.Object,string,object[])
UnityEngine.Logger:Log (UnityEngine.LogType,object)
UnityEngine.Debug:LogError (object)
UnityEditor.EditorAssemblies:ProcessInitializeOnLoadAttributes (System.Type[])

Mono: successfully reloaded assembly
- Completed reload, in  1.538 seconds
Domain Reload Profiling:
	ReloadAssembly (1539ms)
		BeginReloadAssembly (191ms)
			ExecutionOrderSort (0ms)
			DisableScriptedObjects (7ms)
			BackupInstance (0ms)
			ReleaseScriptingObjects (0ms)
			CreateAndSetChildDomain (22ms)
		EndReloadAssembly (1276ms)
			LoadAssemblies (113ms)
			RebuildTransferFunctionScriptingTraits (0ms)
			SetupTypeCache (393ms)
			ReleaseScriptCaches (0ms)
			RebuildScriptCaches (84ms)
			SetupLoadedEditorAssemblies (496ms)
				LogAssemblyErrors (0ms)
				InitializePlatformSupportModulesInManaged (4ms)
				SetLoadedEditorAssemblies (0ms)
				RefreshPlugins (63ms)
				BeforeProcessingInitializeOnLoad (85ms)
				ProcessInitializeOnLoadAttributes (328ms)
				ProcessInitializeOnLoadMethodAttributes (10ms)
				AfterProcessingInitializeOnLoad (4ms)
				EditorAssembliesLoaded (1ms)
			ExecutionOrderSort2 (0ms)
			AwakeInstancesAfterBackupRestoration (12ms)
Platform modules already initialized, skipping
========================================================================
Worker process is ready to serve import requests
Launched and connected shader compiler UnityShaderCompiler.exe after 0.08 seconds
Refreshing native plugins compatible for Editor in 0.67 ms, found 5 plugins.
Preloading 2 native plugins for Editor in 0.07 ms.
Unloading 1524 Unused Serialized files (Serialized files now loaded: 0)
System memory in use before: 86.9 MB.
System memory in use after: 87.0 MB.

Unloading 43 unused Assets to reduce memory usage. Loaded Objects now: 2242.
Total: 3.230200 ms (FindLiveObjects: 0.203300 ms CreateObjectMapping: 0.067200 ms MarkObjects: 2.928900 ms  DeleteObjects: 0.029200 ms)

AssetImportParameters requested are different than current active one (requested -> active):
  custom:framework-win-MediaFoundation: 216162199b28c13a410421893ffa2e32 -> 
  custom:video-decoder-ogg-theora: a1e56fd34408186e4bbccfd4996cb3dc -> 
  custom:container-muxer-webm: aa71ff27fc2769a1b78a27578f13a17b -> 
  custom:container-demuxer-webm: 4f35f7cbe854078d1ac9338744f61a02 -> 
  custom:container-demuxer-ogg: 62fdf1f143b41e24485cea50d1cbac27 -> 
  custom:video-encoder-webm-vp8: eb34c28f22e8b96e1ab97ce403110664 -> 
  custom:video-decoder-webm-vp8: 9c59270c3fd7afecdb556c50c9e8de78 -> 
  custom:audio-decoder-ogg-vorbis: bf7c407c2cedff20999df2af8eb42d56 -> 
  custom:audio-encoder-webm-vorbis: bf7c407c2cedff20999df2af8eb42d56 -> 
========================================================================
Received Import Request.
  path: Assets/Scenes/FirstGame.unity
  artifactKey: Guid(9fc0d4010bbf28b4594072e72b8655ab) Importer(815301076,1909f56bfc062723c751e8b465ee728b)
Start importing Assets/Scenes/FirstGame.unity using Guid(9fc0d4010bbf28b4594072e72b8655ab) Importer(815301076,1909f56bfc062723c751e8b465ee728b)  -> (artifact id: 'bc8bedf3484696977ffefaaaec953fcd') in 0.020922 seconds 
  Import took 0.040833 seconds .

========================================================================
Received Import Request.
  Time since last request: 16.735543 seconds.
  path: Assets/Scenes/SecondGame.unity
  artifactKey: Guid(be884badb70b7e8419bc57a5ccf0fe59) Importer(815301076,1909f56bfc062723c751e8b465ee728b)
Start importing Assets/Scenes/SecondGame.unity using Guid(be884badb70b7e8419bc57a5ccf0fe59) Importer(815301076,1909f56bfc062723c751e8b465ee728b)  -> (artifact id: 'f656b529e728ab8e15ecd6df0577348b') in 0.009021 seconds 
  Import took 0.019763 seconds .

========================================================================
Received Import Request.
  Time since last request: 11.699699 seconds.
  path: Assets/Scenes/ThirdGame.unity
  artifactKey: Guid(80037e8aade679d44ad725803bd23fab) Importer(815301076,1909f56bfc062723c751e8b465ee728b)
Start importing Assets/Scenes/ThirdGame.unity using Guid(80037e8aade679d44ad725803bd23fab) Importer(815301076,1909f56bfc062723c751e8b465ee728b)  -> (artifact id: '8032580ce5e310f1f410cb862cc2a0af') in 0.007444 seconds 
  Import took 0.019225 seconds .

========================================================================
Received Import Request.
  Time since last request: 9.366514 seconds.
  path: Assets/Scenes/FourthGame/FourthGame_Part1.unity
  artifactKey: Guid(0fb0ce88a3929764ca5410ad85bbfa59) Importer(815301076,1909f56bfc062723c751e8b465ee728b)
Start importing Assets/Scenes/FourthGame/FourthGame_Part1.unity using Guid(0fb0ce88a3929764ca5410ad85bbfa59) Importer(815301076,1909f56bfc062723c751e8b465ee728b)  -> (artifact id: '996a79ebf0157f751c25dede4651a40d') in 0.066613 seconds 
  Import took 0.077732 seconds .

========================================================================
Received Import Request.
  Time since last request: 11.407174 seconds.
  path: Assets/Scenes/FourthGame/FourthGame_Part2.unity
  artifactKey: Guid(fb02e153f507a144887e2876fc2ce79e) Importer(815301076,1909f56bfc062723c751e8b465ee728b)
Start importing Assets/Scenes/FourthGame/FourthGame_Part2.unity using Guid(fb02e153f507a144887e2876fc2ce79e) Importer(815301076,1909f56bfc062723c751e8b465ee728b)  -> (artifact id: '21b25c7cb69f4d40728b2042f57ac394') in 0.006254 seconds 
  Import took 0.028992 seconds .

========================================================================
Received Import Request.
  Time since last request: 12.825911 seconds.
  path: Assets/Scenes/FifthGame.unity
  artifactKey: Guid(fddb1b98b5ddd6842a11294e655eb5dd) Importer(815301076,1909f56bfc062723c751e8b465ee728b)
Start importing Assets/Scenes/FifthGame.unity using Guid(fddb1b98b5ddd6842a11294e655eb5dd) Importer(815301076,1909f56bfc062723c751e8b465ee728b)  -> (artifact id: 'fff9a6a363d8e0d7e2a59aaa9a57911c') in 0.002170 seconds 
  Import took 0.005292 seconds .

========================================================================
Received Import Request.
  Time since last request: 23.500532 seconds.
  path: Assets/Scenes/SixthGame.unity
  artifactKey: Guid(7af7cadd9860cec41b84e6229ec5d629) Importer(815301076,1909f56bfc062723c751e8b465ee728b)
Start importing Assets/Scenes/SixthGame.unity using Guid(7af7cadd9860cec41b84e6229ec5d629) Importer(815301076,1909f56bfc062723c751e8b465ee728b)  -> (artifact id: '60c6e4cf0a4338d4f0ad6eb7a54b8cb0') in 0.006513 seconds 
  Import took 0.027442 seconds .

========================================================================
Received Import Request.
  Time since last request: 8.466172 seconds.
  path: Assets/Scenes/SeventhGame/SeventhGame_Part1.unity
  artifactKey: Guid(c7a4d2fa1baaa3d4295b798a5c6e7299) Importer(815301076,1909f56bfc062723c751e8b465ee728b)
Start importing Assets/Scenes/SeventhGame/SeventhGame_Part1.unity using Guid(c7a4d2fa1baaa3d4295b798a5c6e7299) Importer(815301076,1909f56bfc062723c751e8b465ee728b)  -> (artifact id: '170925a6da586ce6d2aab15f1b8d5cf2') in 0.007232 seconds 
  Import took 0.027047 seconds .

========================================================================
Received Import Request.
  Time since last request: 5.306125 seconds.
  path: Assets/Scenes/SeventhGame/SeventhGame_Part2.unity
  artifactKey: Guid(2f58ae4a93d57cf4ea666d4c53edcf78) Importer(815301076,1909f56bfc062723c751e8b465ee728b)
Start importing Assets/Scenes/SeventhGame/SeventhGame_Part2.unity using Guid(2f58ae4a93d57cf4ea666d4c53edcf78) Importer(815301076,1909f56bfc062723c751e8b465ee728b)  -> (artifact id: 'a287943e3ce67519d58a111bcff5dc65') in 0.006699 seconds 
  Import took 0.022258 seconds .

========================================================================
Received Import Request.
  Time since last request: 8.439809 seconds.
  path: Assets/Scenes/EigthGame/EighthGame_Part1.unity
  artifactKey: Guid(8fa4bf602bdbbce4c9ff9295629a7c33) Importer(815301076,1909f56bfc062723c751e8b465ee728b)
Start importing Assets/Scenes/EigthGame/EighthGame_Part1.unity using Guid(8fa4bf602bdbbce4c9ff9295629a7c33) Importer(815301076,1909f56bfc062723c751e8b465ee728b)  -> (artifact id: 'd49f123b87899acd0b4c8dc3bbfae567') in 0.006858 seconds 
  Import took 0.035594 seconds .

========================================================================
Received Import Request.
  Time since last request: 13.460511 seconds.
  path: Assets/Scenes/NinthGame.unity
  artifactKey: Guid(273c036578a7d5a4380ee9e214229c7a) Importer(815301076,1909f56bfc062723c751e8b465ee728b)
Start importing Assets/Scenes/NinthGame.unity using Guid(273c036578a7d5a4380ee9e214229c7a) Importer(815301076,1909f56bfc062723c751e8b465ee728b)  -> (artifact id: 'a4a9235dd1ca5eb6d77c7a7775c4b236') in 0.007417 seconds 
  Import took 0.021334 seconds .

========================================================================
Received Import Request.
  Time since last request: 57.743363 seconds.
  path: Assets/Scenes/TenthGame.unity
  artifactKey: Guid(d300440d8ad52b8449d2d8e691d05479) Importer(815301076,1909f56bfc062723c751e8b465ee728b)
Start importing Assets/Scenes/TenthGame.unity using Guid(d300440d8ad52b8449d2d8e691d05479) Importer(815301076,1909f56bfc062723c751e8b465ee728b)  -> (artifact id: '45ff9032fd193c3b123b4f79f693853c') in 0.007802 seconds 
  Import took 0.026529 seconds .

========================================================================
Received Import Request.
  Time since last request: 11.285520 seconds.
  path: Assets/Scenes/EleventhGame/EleventhGame_Part1.unity
  artifactKey: Guid(21edf70212138034cb4574ec881d9168) Importer(815301076,1909f56bfc062723c751e8b465ee728b)
Start importing Assets/Scenes/EleventhGame/EleventhGame_Part1.unity using Guid(21edf70212138034cb4574ec881d9168) Importer(815301076,1909f56bfc062723c751e8b465ee728b)  -> (artifact id: '2e09b7868fe32564def22fd47d353296') in 0.006430 seconds 
  Import took 0.030201 seconds .

========================================================================
Received Import Request.
  Time since last request: 7.092301 seconds.
  path: Assets/Scenes/EleventhGame/EleventhGame_Part2.unity
  artifactKey: Guid(1c39a8cfb1684504ca556383dbcadf4e) Importer(815301076,1909f56bfc062723c751e8b465ee728b)
Start importing Assets/Scenes/EleventhGame/EleventhGame_Part2.unity using Guid(1c39a8cfb1684504ca556383dbcadf4e) Importer(815301076,1909f56bfc062723c751e8b465ee728b)  -> (artifact id: 'e472fea653351bb8fedcbe3abc6150a4') in 0.006626 seconds 
  Import took 0.009705 seconds .

AssetImportWorkerClient::OnTransportError - code=2 error=End of file
